<?xml version="1.0" encoding="UTF-8"?>
<!-- Generated by org.testng.reporters.JUnitReportReporter -->
<testsuite hostname="user" name="experiment.Withoutchrome" tests="1" failures="0" timestamp="18 Aug 2019 14:01:29 GMT" time="15.084" errors="0">
  <testcase name="setup" time="15.084" classname="experiment.Withoutchrome"/>
</testsuite> <!-- experiment.Withoutchrome -->
